#
# A fatal error has been detected by the Java Runtime Environment:
#
#  EXCEPTION_ACCESS_VIOLATION (0xc0000005) at pc=0x00000000770e0895, pid=5404, tid=11612
#
# JRE version: 6.0_15-b03
# Java VM: Java HotSpot(TM) 64-Bit Server VM (14.1-b02 mixed mode windows-amd64 )
# Problematic frame:
# C  [ntdll.dll+0x50895]
#
# If you would like to submit a bug report, please visit:
#   http://java.sun.com/webapps/bugreport/crash.jsp
#

---------------  T H R E A D  ---------------

Current thread (0x0000000047a7d800):  JavaThread "AWT-EventQueue-0" [_thread_in_Java, id=11612, stack(0x00000000485f0000,0x00000000486f0000)]

siginfo: ExceptionCode=0xc0000005, reading address 0xffffffffffffffff

Registers:
EAX=0x00000000486ee368, EBX=0x0000000000000002, ECX=0x00000000486ee438, EDX=0x00000000486ee3a8
ESP=0x00000000486ee358, EBP=0x000007fee63d3610, ESI=0x0000000000000020, EDI=0x0000000000000000
EIP=0x00000000770e0895, EFLAGS=0x0000000000010202

Top of Stack: (sp=0x00000000486ee358)
0x00000000486ee358:   0000000000000202 000000007709b239
0x00000000486ee368:   000007fffff9a000 0000000100000002
0x00000000486ee378:   0000000046fdfcb0 0000000046fdfc10
0x00000000486ee388:   00000000486eeb90 00000000027c4270
0x00000000486ee398:   00000000027c3d90 0000000000000000
0x00000000486ee3a8:   00000000486f0000 00000000486e2000
0x00000000486ee3b8:   00000000486eeb60 0000000002766f7a
0x00000000486ee3c8:   0000000002766f10 0000000000000000
0x00000000486ee3d8:   0000000000000000 00000000486eeb60
0x00000000486ee3e8:   00000000486eebf0 0000000002735e88
0x00000000486ee3f8:   0000000002734e90 0000000000000000
0x00000000486ee408:   00000000486eec58 00000000486eebf0
0x00000000486ee418:   00000000486eebf0 0000000002735e88
0x00000000486ee428:   0000000002734e90 0000000000000000
0x00000000486ee438:   00000000486eec58 00000000486eebf0
0x00000000486ee448:   0000000047a7e090 00000000486eeb90 

Instructions: (pc=0x00000000770e0895)
0x00000000770e0885:   00 00 4c 89 b1 e8 00 00 00 4c 89 b9 f0 00 00 00
0x00000000770e0895:   0f ae 81 00 01 00 00 0f 29 81 a0 01 00 00 0f 29 


Stack: [0x00000000485f0000,0x00000000486f0000],  sp=0x00000000486ee358,  free space=1016k
Native frames: (J=compiled Java code, j=interpreted, Vv=VM code, C=native code)
C  [ntdll.dll+0x50895]

Java frames: (J=compiled Java code, j=interpreted, Vv=VM code)
v  blob 0x0000000002767039
j  java.util.ArrayList.indexOf(Ljava/lang/Object;)I+51
j  java.awt.Container.getComponentZOrder(Ljava/awt/Component;)I+30
j  javax.swing.LayoutComparator.compare(Ljava/lang/Object;Ljava/lang/Object;)I+254
j  java.util.Arrays.mergeSort([Ljava/lang/Object;[Ljava/lang/Object;IIILjava/util/Comparator;)V+43
j  java.util.Arrays.mergeSort([Ljava/lang/Object;[Ljava/lang/Object;IIILjava/util/Comparator;)V+120
j  java.util.Arrays.mergeSort([Ljava/lang/Object;[Ljava/lang/Object;IIILjava/util/Comparator;)V+107
j  java.util.Arrays.sort([Ljava/lang/Object;Ljava/util/Comparator;)V+34
j  java.util.Collections.sort(Ljava/util/List;Ljava/util/Comparator;)V+9
j  javax.swing.SortingFocusTraversalPolicy.enumerateAndSortCycle(Ljava/awt/Container;Ljava/util/List;Ljava/util/Map;)V+165
j  javax.swing.SortingFocusTraversalPolicy.getFirstComponent(Ljava/awt/Container;)Ljava/awt/Component;+84
j  javax.swing.LayoutFocusTraversalPolicy.getFirstComponent(Ljava/awt/Container;)Ljava/awt/Component;+39
j  javax.swing.SortingFocusTraversalPolicy.getDefaultComponent(Ljava/awt/Container;)Ljava/awt/Component;+2
j  java.awt.FocusTraversalPolicy.getInitialComponent(Ljava/awt/Window;)Ljava/awt/Component;+16
j  java.awt.DefaultKeyboardFocusManager.dispatchEvent(Ljava/awt/AWTEvent;)Z+320
j  java.awt.Component.dispatchEventImpl(Ljava/awt/AWTEvent;)V+128
j  java.awt.Container.dispatchEventImpl(Ljava/awt/AWTEvent;)V+42
j  java.awt.Window.dispatchEventImpl(Ljava/awt/AWTEvent;)V+19
j  java.awt.Component.dispatchEvent(Ljava/awt/AWTEvent;)V+2
j  java.awt.EventQueue.dispatchEvent(Ljava/awt/AWTEvent;)V+46
j  java.awt.SequencedEvent.dispatch()V+110
j  java.awt.EventQueue.dispatchEvent(Ljava/awt/AWTEvent;)V+26
j  java.awt.EventDispatchThread.pumpOneEventForFilters(I)Z+204
j  java.awt.EventDispatchThread.pumpEventsForFilter(ILjava/awt/Conditional;Ljava/awt/EventFilter;)V+30
j  java.awt.EventDispatchThread.pumpEventsForHierarchy(ILjava/awt/Conditional;Ljava/awt/Component;)V+11
j  java.awt.EventDispatchThread.pumpEvents(ILjava/awt/Conditional;)V+4
j  java.awt.EventDispatchThread.pumpEvents(Ljava/awt/Conditional;)V+3
j  java.awt.EventDispatchThread.run()V+9
v  ~StubRoutines::call_stub

---------------  P R O C E S S  ---------------

Java Threads: ( => current thread )
  0x0000000047cd2000 JavaThread "D3D Screen Updater" daemon [_thread_blocked, id=11200, stack(0x000000004cb20000,0x000000004cc20000)]
  0x0000000047cd1000 JavaThread "TimerQueue" daemon [_thread_blocked, id=10400, stack(0x000000004ca20000,0x000000004cb20000)]
  0x0000000047a86000 JavaThread "DestroyJavaVM" [_thread_blocked, id=9688, stack(0x0000000002630000,0x0000000002730000)]
=>0x0000000047a7d800 JavaThread "AWT-EventQueue-0" [_thread_in_Java, id=11612, stack(0x00000000485f0000,0x00000000486f0000)]
  0x0000000047a6f000 JavaThread "AWT-Windows" daemon [_thread_in_native, id=1964, stack(0x00000000482b0000,0x00000000483b0000)]
  0x0000000047a6c000 JavaThread "AWT-Shutdown" [_thread_blocked, id=9244, stack(0x00000000481b0000,0x00000000482b0000)]
  0x0000000047a6b800 JavaThread "Java2D Disposer" daemon [_thread_blocked, id=9860, stack(0x00000000480b0000,0x00000000481b0000)]
  0x0000000046f85800 JavaThread "Low Memory Detector" daemon [_thread_blocked, id=11960, stack(0x0000000047770000,0x0000000047870000)]
  0x0000000046f82000 JavaThread "CompilerThread1" daemon [_thread_blocked, id=9632, stack(0x0000000047670000,0x0000000047770000)]
  0x0000000046f77800 JavaThread "CompilerThread0" daemon [_thread_blocked, id=12004, stack(0x0000000047570000,0x0000000047670000)]
  0x0000000046f76800 JavaThread "Attach Listener" daemon [_thread_blocked, id=10216, stack(0x0000000047470000,0x0000000047570000)]
  0x0000000046f75800 JavaThread "Signal Dispatcher" daemon [_thread_blocked, id=7336, stack(0x0000000047370000,0x0000000047470000)]
  0x0000000046ee4000 JavaThread "Finalizer" daemon [_thread_blocked, id=7868, stack(0x0000000047270000,0x0000000047370000)]
  0x000000000073f800 JavaThread "Reference Handler" daemon [_thread_blocked, id=9088, stack(0x0000000047170000,0x0000000047270000)]

Other Threads:
  0x0000000046ed3800 VMThread [stack: 0x0000000047070000,0x0000000047170000] [id=11348]
  0x0000000046f8b000 WatcherThread [stack: 0x0000000047870000,0x0000000047970000] [id=8512]

VM state:not at safepoint (normal execution)

VM Mutex/Monitor currently owned by a thread: None

Heap
 PSYoungGen      total 17920K, used 6744K [0x0000000032b30000, 0x0000000033f30000, 0x0000000046b30000)
  eden space 15360K, 32% used [0x0000000032b30000,0x00000000330022c8,0x0000000033a30000)
  from space 2560K, 70% used [0x0000000033a30000,0x0000000033bf4018,0x0000000033cb0000)
  to   space 2560K, 0% used [0x0000000033cb0000,0x0000000033cb0000,0x0000000033f30000)
 PSOldGen        total 40960K, used 0K [0x000000000ab30000, 0x000000000d330000, 0x0000000032b30000)
  object space 40960K, 0% used [0x000000000ab30000,0x000000000ab30000,0x000000000d330000)
 PSPermGen       total 21248K, used 11697K [0x0000000005730000, 0x0000000006bf0000, 0x000000000ab30000)
  object space 21248K, 55% used [0x0000000005730000,0x000000000629c460,0x0000000006bf0000)

Dynamic libraries:
0x0000000000400000 - 0x000000000042e000 	C:\Program Files\Java\jdk1.6.0_15\bin\java.exe
0x0000000077090000 - 0x0000000077239000 	C:\Windows\SYSTEM32\ntdll.dll
0x0000000076f70000 - 0x000000007708f000 	C:\Windows\system32\kernel32.dll
0x000007fefd850000 - 0x000007fefd8bb000 	C:\Windows\system32\KERNELBASE.dll
0x000007feff220000 - 0x000007feff2fb000 	C:\Windows\system32\ADVAPI32.dll
0x000007fefeba0000 - 0x000007fefec3f000 	C:\Windows\system32\msvcrt.dll
0x000007feff380000 - 0x000007feff39f000 	C:\Windows\SYSTEM32\sechost.dll
0x000007fefe810000 - 0x000007fefe93d000 	C:\Windows\system32\RPCRT4.dll
0x000007fefd480000 - 0x000007fefd4d7000 	C:\Windows\system32\apphelp.dll
0x000007fef5600000 - 0x000007fef5651000 	C:\Windows\AppPatch\AppPatch64\AcGenral.DLL
0x000007fefd450000 - 0x000007fefd475000 	C:\Windows\system32\SspiCli.dll
0x000007feff300000 - 0x000007feff371000 	C:\Windows\system32\SHLWAPI.dll
0x000007fefef40000 - 0x000007fefefa7000 	C:\Windows\system32\GDI32.dll
0x00000000769b0000 - 0x0000000076aaa000 	C:\Windows\system32\USER32.dll
0x000007fefe800000 - 0x000007fefe80e000 	C:\Windows\system32\LPK.dll
0x000007fefd8c0000 - 0x000007fefd989000 	C:\Windows\system32\USP10.dll
0x000007fefe940000 - 0x000007fefeb43000 	C:\Windows\system32\ole32.dll
0x000007fefd990000 - 0x000007fefe718000 	C:\Windows\system32\SHELL32.dll
0x00000000729d0000 - 0x00000000729d3000 	C:\Windows\system32\sfc.dll
0x000007fef8730000 - 0x000007fef8740000 	C:\Windows\system32\sfc_os.DLL
0x000007fefc830000 - 0x000007fefc84e000 	C:\Windows\system32\USERENV.dll
0x000007fefd4f0000 - 0x000007fefd4ff000 	C:\Windows\system32\profapi.dll
0x000007fefb960000 - 0x000007fefb978000 	C:\Windows\system32\dwmapi.dll
0x000007fefa640000 - 0x000007fefa658000 	C:\Windows\system32\MPR.dll
0x000007fee62e0000 - 0x000007fee6747000 	C:\Windows\AppPatch\AppPatch64\AcXtrnal.DLL
0x000007fefefc0000 - 0x000007fefefee000 	C:\Windows\system32\IMM32.DLL
0x000007feff0b0000 - 0x000007feff1b9000 	C:\Windows\system32\MSCTF.dll
0x000000006d890000 - 0x000000006deed000 	C:\Program Files\Java\jdk1.6.0_15\jre\bin\server\jvm.dll
0x000007fefb630000 - 0x000007fefb66b000 	C:\Windows\system32\WINMM.dll
0x000000006d800000 - 0x000000006d80e000 	C:\Program Files\Java\jdk1.6.0_15\jre\bin\verify.dll
0x000000006d450000 - 0x000000006d477000 	C:\Program Files\Java\jdk1.6.0_15\jre\bin\java.dll
0x000000006d3b0000 - 0x000000006d3ba000 	C:\Program Files\Java\jdk1.6.0_15\jre\bin\hpi.dll
0x0000000077250000 - 0x0000000077257000 	C:\Windows\system32\PSAPI.DLL
0x000000006d850000 - 0x000000006d862000 	C:\Program Files\Java\jdk1.6.0_15\jre\bin\zip.dll
0x000000006d0a0000 - 0x000000006d261000 	C:\Program Files\Java\jdk1.6.0_15\jre\bin\awt.dll
0x000007fefb4e0000 - 0x000007fefb551000 	C:\Windows\system32\WINSPOOL.DRV
0x000007fefbd30000 - 0x000007fefbf24000 	C:\Windows\WinSxS\amd64_microsoft.windows.common-controls_6595b64144ccf1df_6.0.7601.17514_none_fa396087175ac9ac\comctl32.dll
0x000007fefc120000 - 0x000007fefc176000 	C:\Windows\system32\uxtheme.dll
0x0000000002290000 - 0x000000000234a000 	C:\Program Files\DigitalPersona\Bin\DpoFeedb.dll
0x000007fefe720000 - 0x000007fefe7f7000 	C:\Windows\system32\OLEAUT32.dll
0x000007fefd4e0000 - 0x000007fefd4ef000 	C:\Windows\system32\CRYPTBASE.dll
0x0000000047f80000 - 0x0000000048012000 	C:\Program Files\DigitalPersona\Bin\DpoSet.dll
0x000000006d340000 - 0x000000006d3ab000 	C:\Program Files\Java\jdk1.6.0_15\jre\bin\fontmanager.dll
0x000007fee69c0000 - 0x000007fee6bbf000 	C:\Windows\system32\d3d9.dll
0x000007fefc650000 - 0x000007fefc65c000 	C:\Windows\system32\VERSION.dll
0x000007fefba00000 - 0x000007fefba07000 	C:\Windows\system32\d3d8thk.dll
0x0000000057a10000 - 0x0000000057df8000 	C:\Windows\system32\atiumd64.dll
0x0000000057f50000 - 0x00000000581e9000 	C:\Windows\system32\atiumd6a.dll
0x00000000486f0000 - 0x0000000048755000 	C:\Program Files\WIDCOMM\Bluetooth Software\btmmhook.dll
0x000000006d6a0000 - 0x000000006d6b7000 	C:\Program Files\Java\jdk1.6.0_15\jre\bin\net.dll
0x000007fefeb50000 - 0x000007fefeb9d000 	C:\Windows\system32\WS2_32.dll
0x000007fefefb0000 - 0x000007fefefb8000 	C:\Windows\system32\NSI.dll
0x000007fefcd00000 - 0x000007fefcd55000 	C:\Windows\system32\mswsock.dll
0x000007fefd2c0000 - 0x000007fefd2c7000 	C:\Windows\System32\wship6.dll
0x000000006d6c0000 - 0x000000006d6cb000 	C:\Program Files\Java\jdk1.6.0_15\jre\bin\nio.dll

VM Arguments:
jvm_args: -Dfile.encoding=UTF-8 
java_command: sic.Presentacion.BuscarFacturaDeUsuario
Launcher Type: SUN_STANDARD

Environment Variables:
PATH=C:\Windows\system32;C:\Windows;C:\Windows\System32\Wbem;C:\Windows\System32\WindowsPowerShell\v1.0\;C:\Program Files\Broadcom\Broadcom 802.11\Driver;C:\Program Files (x86)\ATI Technologies\ATI.ACE\Core-Static;C:\Program Files\WIDCOMM\Bluetooth Software\;C:\Program Files\WIDCOMM\Bluetooth Software\syswow64;;C:\Users\FANNY BURGOS\AppData\Local\Smartbar\Application\
USERNAME=FANNY BURGOS
OS=Windows_NT
PROCESSOR_IDENTIFIER=AMD64 Family 16 Model 6 Stepping 2, AuthenticAMD



---------------  S Y S T E M  ---------------

OS: Windows 7 Build 7601 Service Pack 1

CPU:total 2 (2 cores per cpu, 1 threads per core) family 16 model 6 stepping 2, cmov, cx8, fxsr, mmx, sse, sse2, sse3, mmxext, 3dnow, 3dnowext, sse4a

Memory: 4k page, physical 3928264k(1144564k free), swap 7854668k(3500056k free)

vm_info: Java HotSpot(TM) 64-Bit Server VM (14.1-b02) for windows-amd64 JRE (1.6.0_15-b03), built on Jul 25 2009 01:14:07 by "java_re" with MS VC++ 8.0

time: Thu Jun 20 20:23:19 2013
elapsed time: 1 seconds

