#
# A fatal error has been detected by the Java Runtime Environment:
#
#  EXCEPTION_ACCESS_VIOLATION (0xc0000005) at pc=0x00000000770e0895, pid=11032, tid=4832
#
# JRE version: 6.0_15-b03
# Java VM: Java HotSpot(TM) 64-Bit Server VM (14.1-b02 mixed mode windows-amd64 )
# Problematic frame:
# C  [ntdll.dll+0x50895]
#
# If you would like to submit a bug report, please visit:
#   http://java.sun.com/webapps/bugreport/crash.jsp
#

---------------  T H R E A D  ---------------

Current thread (0x00000000479ac800):  JavaThread "AWT-EventQueue-0" [_thread_in_Java, id=4832, stack(0x00000000486a0000,0x00000000487a0000)]

siginfo: ExceptionCode=0xc0000005, reading address 0xffffffffffffffff

Registers:
EAX=0x000000004879c998, EBX=0x0000000000000002, ECX=0x000000004879ca68, EDX=0x000000004879c9d8
ESP=0x000000004879c988, EBP=0x000007fee6a81320, ESI=0x0000000000000020, EDI=0x0000000000000000
EIP=0x00000000770e0895, EFLAGS=0x0000000000010202

Top of Stack: (sp=0x000000004879c988)
0x000000004879c988:   0000000000000202 000000007709b239
0x000000004879c998:   000007fffff9a000 0000000100000002
0x000000004879c9a8:   0000000047c423e0 0000000047c42390
0x000000004879c9b8:   000000004879d1c0 00000000027f7130
0x000000004879c9c8:   00000000027f6c50 0000000000000000
0x000000004879c9d8:   00000000487a0000 0000000048793000
0x000000004879c9e8:   000000004879d190 0000000002786f7a
0x000000004879c9f8:   0000000002786f10 0000000000000000
0x000000004879ca08:   0000000000000000 000000004879d190
0x000000004879ca18:   000000004879d220 0000000002755e88
0x000000004879ca28:   0000000002754e90 0000000000000000
0x000000004879ca38:   000000004879d290 000000004879d220
0x000000004879ca48:   000000004879d220 0000000002755e88
0x000000004879ca58:   0000000002754e90 0000000000000000
0x000000004879ca68:   000000004879d290 000000004879d220
0x000000004879ca78:   0000000000000009 000000004879d1c0 

Instructions: (pc=0x00000000770e0895)
0x00000000770e0885:   00 00 4c 89 b1 e8 00 00 00 4c 89 b9 f0 00 00 00
0x00000000770e0895:   0f ae 81 00 01 00 00 0f 29 81 a0 01 00 00 0f 29 


Stack: [0x00000000486a0000,0x00000000487a0000],  sp=0x000000004879c988,  free space=1010k
Native frames: (J=compiled Java code, j=interpreted, Vv=VM code, C=native code)
C  [ntdll.dll+0x50895]

Java frames: (J=compiled Java code, j=interpreted, Vv=VM code)
v  blob 0x0000000002787039
j  java.util.ArrayList.indexOf(Ljava/lang/Object;)I+51
j  java.awt.Container.remove(Ljava/awt/Component;)V+20
j  javax.swing.plaf.basic.BasicComboBoxUI.getSizeForComponent(Ljava/awt/Component;)Ljava/awt/Dimension;+30
j  javax.swing.plaf.basic.BasicComboBoxUI.getDisplaySize()Ljava/awt/Dimension;+153
j  javax.swing.plaf.metal.MetalComboBoxUI.getMinimumSize(Ljavax/swing/JComponent;)Ljava/awt/Dimension;+56
j  javax.swing.plaf.basic.BasicComboBoxUI.getPreferredSize(Ljavax/swing/JComponent;)Ljava/awt/Dimension;+2
j  javax.swing.JComponent.getPreferredSize()Ljava/awt/Dimension;+26
j  javax.swing.GroupLayout$ComponentSpring.calculateNonlinkedPreferredSize(I)I+58
j  javax.swing.GroupLayout$ComponentSpring.calculateNonlinkedMinimumSize(I)I+32
j  javax.swing.GroupLayout$ComponentSpring.calculateMinimumSize(I)I+17
j  javax.swing.GroupLayout$Spring.getMinimumSize(I)I+13
j  javax.swing.GroupLayout$Group.getSpringSize(Ljavax/swing/GroupLayout$Spring;II)I+30
j  javax.swing.GroupLayout$Group.calculateSize(II)I+87
j  javax.swing.GroupLayout$Group.calculateMinimumSize(I)I+3
j  javax.swing.GroupLayout$Spring.getMinimumSize(I)I+13
j  javax.swing.GroupLayout$Group.getSpringSize(Ljavax/swing/GroupLayout$Spring;II)I+30
j  javax.swing.GroupLayout$Group.calculateSize(II)I+29
j  javax.swing.GroupLayout$Group.calculateMinimumSize(I)I+3
j  javax.swing.GroupLayout$ParallelGroup.calculateMinimumSize(I)I+15
j  javax.swing.GroupLayout$Spring.getMinimumSize(I)I+13
j  javax.swing.GroupLayout$Group.getSpringSize(Ljavax/swing/GroupLayout$Spring;II)I+30
j  javax.swing.GroupLayout$Group.calculateSize(II)I+29
j  javax.swing.GroupLayout$Group.calculateMinimumSize(I)I+3
j  javax.swing.GroupLayout$Spring.getMinimumSize(I)I+13
j  javax.swing.GroupLayout.calculateAutopadding(Ljavax/swing/GroupLayout$Group;IIII)V+34
j  javax.swing.GroupLayout.prepare(I)V+219
j  javax.swing.GroupLayout.minimumLayoutSize(Ljava/awt/Container;)Ljava/awt/Dimension;+7
j  java.awt.Container.minimumSize()Ljava/awt/Dimension;+43
j  java.awt.Container.getMinimumSize()Ljava/awt/Dimension;+1
j  javax.swing.JComponent.getMinimumSize()Ljava/awt/Dimension;+39
j  javax.swing.GroupLayout$ComponentSpring.calculateNonlinkedMinimumSize(I)I+64
j  javax.swing.GroupLayout$ComponentSpring.calculateMinimumSize(I)I+17
j  javax.swing.GroupLayout$Spring.getMinimumSize(I)I+13
j  javax.swing.GroupLayout$ComponentSpring.calculatePreferredSize(I)I+17
j  javax.swing.GroupLayout$Spring.getPreferredSize(I)I+13
j  javax.swing.GroupLayout$Group.getSpringSize(Ljavax/swing/GroupLayout$Spring;II)I+36
j  javax.swing.GroupLayout$Group.calculateSize(II)I+43
j  javax.swing.GroupLayout$Group.calculatePreferredSize(I)I+3
j  javax.swing.GroupLayout$Spring.getPreferredSize(I)I+13
j  javax.swing.GroupLayout$Group.getSpringSize(Ljavax/swing/GroupLayout$Spring;II)I+36
j  javax.swing.GroupLayout$Group.calculateSize(II)I+54
j  javax.swing.GroupLayout$Group.calculatePreferredSize(I)I+3
j  javax.swing.GroupLayout$Spring.getPreferredSize(I)I+13
j  javax.swing.GroupLayout$Group.getSpringSize(Ljavax/swing/GroupLayout$Spring;II)I+36
j  javax.swing.GroupLayout$Group.calculateSize(II)I+54
j  javax.swing.GroupLayout$Group.calculatePreferredSize(I)I+3
j  javax.swing.GroupLayout$Spring.getPreferredSize(I)I+13
j  javax.swing.GroupLayout$Group.getSpringSize(Ljavax/swing/GroupLayout$Spring;II)I+36
j  javax.swing.GroupLayout$Group.calculateSize(II)I+43
j  javax.swing.GroupLayout$Group.calculatePreferredSize(I)I+3
j  javax.swing.GroupLayout$Spring.getPreferredSize(I)I+13
j  javax.swing.GroupLayout$Group.getSpringSize(Ljavax/swing/GroupLayout$Spring;II)I+36
j  javax.swing.GroupLayout$Group.calculateSize(II)I+29
j  javax.swing.GroupLayout$Group.calculatePreferredSize(I)I+3
j  javax.swing.GroupLayout$Spring.getPreferredSize(I)I+13
j  javax.swing.GroupLayout$Group.getSpringSize(Ljavax/swing/GroupLayout$Spring;II)I+36
j  javax.swing.GroupLayout$Group.calculateSize(II)I+29
j  javax.swing.GroupLayout$Group.calculatePreferredSize(I)I+3
j  javax.swing.GroupLayout$Spring.getPreferredSize(I)I+13
j  javax.swing.GroupLayout.calculateAutopadding(Ljavax/swing/GroupLayout$Group;IIII)V+44
j  javax.swing.GroupLayout.prepare(I)V+219
j  javax.swing.GroupLayout.preferredLayoutSize(Ljava/awt/Container;)Ljava/awt/Dimension;+7
j  java.awt.Container.preferredSize()Ljava/awt/Dimension;+43
j  java.awt.Container.getPreferredSize()Ljava/awt/Dimension;+1
j  javax.swing.JComponent.getPreferredSize()Ljava/awt/Dimension;+39
j  javax.swing.JRootPane$RootLayout.preferredLayoutSize(Ljava/awt/Container;)Ljava/awt/Dimension;+26
j  java.awt.Container.preferredSize()Ljava/awt/Dimension;+43
j  java.awt.Container.getPreferredSize()Ljava/awt/Dimension;+1
j  javax.swing.JComponent.getPreferredSize()Ljava/awt/Dimension;+39
j  java.awt.BorderLayout.preferredLayoutSize(Ljava/awt/Container;)Ljava/awt/Dimension;+157
j  java.awt.Container.preferredSize()Ljava/awt/Dimension;+43
j  java.awt.Container.getPreferredSize()Ljava/awt/Dimension;+1
j  java.awt.Window.pack()V+32
j  sic.Presentacion.Modulos.EstadosFinancieros.BalanceGeneral.initComponents()V+1812
j  sic.Presentacion.Modulos.EstadosFinancieros.BalanceGeneral.<init>()V+5
j  sic.Presentacion.Modulos.EstadosFinancieros.BalanceGeneral$5.run()V+4
j  java.awt.event.InvocationEvent.dispatch()V+47
j  java.awt.EventQueue.dispatchEvent(Ljava/awt/AWTEvent;)V+26
j  java.awt.EventDispatchThread.pumpOneEventForFilters(I)Z+204
j  java.awt.EventDispatchThread.pumpEventsForFilter(ILjava/awt/Conditional;Ljava/awt/EventFilter;)V+30
j  java.awt.EventDispatchThread.pumpEventsForHierarchy(ILjava/awt/Conditional;Ljava/awt/Component;)V+11
j  java.awt.EventDispatchThread.pumpEvents(ILjava/awt/Conditional;)V+4
j  java.awt.EventDispatchThread.pumpEvents(Ljava/awt/Conditional;)V+3
j  java.awt.EventDispatchThread.run()V+9
v  ~StubRoutines::call_stub

---------------  P R O C E S S  ---------------

Java Threads: ( => current thread )
  0x000000004ae09000 JavaThread "Image Fetcher 2" daemon [_thread_blocked, id=7188, stack(0x000000004bd00000,0x000000004be00000)]
  0x000000004ae08000 JavaThread "Image Fetcher 3" daemon [_thread_blocked, id=7472, stack(0x000000004bc00000,0x000000004bd00000)]
  0x000000004b0d7000 JavaThread "Image Fetcher 1" daemon [_thread_blocked, id=6628, stack(0x000000004b9f0000,0x000000004baf0000)]
  0x000000004b0d4000 JavaThread "TimerQueue" daemon [_thread_blocked, id=9552, stack(0x000000004b820000,0x000000004b920000)]
  0x00000000479b5800 JavaThread "DestroyJavaVM" [_thread_blocked, id=10944, stack(0x0000000002650000,0x0000000002750000)]
=>0x00000000479ac800 JavaThread "AWT-EventQueue-0" [_thread_in_Java, id=4832, stack(0x00000000486a0000,0x00000000487a0000)]
  0x00000000479ab000 JavaThread "AWT-Windows" daemon [_thread_in_native, id=11384, stack(0x0000000048110000,0x0000000048210000)]
  0x00000000479a8000 JavaThread "AWT-Shutdown" [_thread_blocked, id=9896, stack(0x0000000048010000,0x0000000048110000)]
  0x00000000479a7000 JavaThread "Java2D Disposer" daemon [_thread_blocked, id=8820, stack(0x0000000047f10000,0x0000000048010000)]
  0x0000000046ea5800 JavaThread "Low Memory Detector" daemon [_thread_blocked, id=11272, stack(0x0000000047690000,0x0000000047790000)]
  0x0000000046e9e800 JavaThread "CompilerThread1" daemon [_thread_in_native, id=10948, stack(0x0000000047590000,0x0000000047690000)]
  0x0000000046e97800 JavaThread "CompilerThread0" daemon [_thread_blocked, id=6684, stack(0x0000000047490000,0x0000000047590000)]
  0x0000000046e96800 JavaThread "Attach Listener" daemon [_thread_blocked, id=6388, stack(0x0000000047390000,0x0000000047490000)]
  0x0000000046e95800 JavaThread "Signal Dispatcher" daemon [_thread_blocked, id=9324, stack(0x0000000047290000,0x0000000047390000)]
  0x0000000046e04000 JavaThread "Finalizer" daemon [_thread_blocked, id=8460, stack(0x0000000047190000,0x0000000047290000)]
  0x0000000046dfb800 JavaThread "Reference Handler" daemon [_thread_blocked, id=6384, stack(0x0000000047090000,0x0000000047190000)]

Other Threads:
  0x0000000046df3800 VMThread [stack: 0x0000000046f90000,0x0000000047090000] [id=9224]
  0x0000000046eab800 WatcherThread [stack: 0x0000000047790000,0x0000000047890000] [id=11276]

VM state:not at safepoint (normal execution)

VM Mutex/Monitor currently owned by a thread: None

Heap
 PSYoungGen      total 17920K, used 9986K [0x0000000032b50000, 0x0000000033f50000, 0x0000000046b50000)
  eden space 15360K, 51% used [0x0000000032b50000,0x000000003330cb38,0x0000000033a50000)
  from space 2560K, 80% used [0x0000000033a50000,0x0000000033c54030,0x0000000033cd0000)
  to   space 2560K, 0% used [0x0000000033cd0000,0x0000000033cd0000,0x0000000033f50000)
 PSOldGen        total 40960K, used 0K [0x000000000ab50000, 0x000000000d350000, 0x0000000032b50000)
  object space 40960K, 0% used [0x000000000ab50000,0x000000000ab50000,0x000000000d350000)
 PSPermGen       total 21248K, used 14076K [0x0000000005750000, 0x0000000006c10000, 0x000000000ab50000)
  object space 21248K, 66% used [0x0000000005750000,0x000000000650f030,0x0000000006c10000)

Dynamic libraries:
0x0000000000400000 - 0x000000000042e000 	C:\Program Files\Java\jdk1.6.0_15\bin\java.exe
0x0000000077090000 - 0x0000000077239000 	C:\Windows\SYSTEM32\ntdll.dll
0x0000000076f70000 - 0x000000007708f000 	C:\Windows\system32\kernel32.dll
0x000007fefd850000 - 0x000007fefd8bb000 	C:\Windows\system32\KERNELBASE.dll
0x000007feff220000 - 0x000007feff2fb000 	C:\Windows\system32\ADVAPI32.dll
0x000007fefeba0000 - 0x000007fefec3f000 	C:\Windows\system32\msvcrt.dll
0x000007feff380000 - 0x000007feff39f000 	C:\Windows\SYSTEM32\sechost.dll
0x000007fefe810000 - 0x000007fefe93d000 	C:\Windows\system32\RPCRT4.dll
0x000007fefd480000 - 0x000007fefd4d7000 	C:\Windows\system32\apphelp.dll
0x000007fef5600000 - 0x000007fef5651000 	C:\Windows\AppPatch\AppPatch64\AcGenral.DLL
0x000007fefd450000 - 0x000007fefd475000 	C:\Windows\system32\SspiCli.dll
0x000007feff300000 - 0x000007feff371000 	C:\Windows\system32\SHLWAPI.dll
0x000007fefef40000 - 0x000007fefefa7000 	C:\Windows\system32\GDI32.dll
0x00000000769b0000 - 0x0000000076aaa000 	C:\Windows\system32\USER32.dll
0x000007fefe800000 - 0x000007fefe80e000 	C:\Windows\system32\LPK.dll
0x000007fefd8c0000 - 0x000007fefd989000 	C:\Windows\system32\USP10.dll
0x000007fefe940000 - 0x000007fefeb43000 	C:\Windows\system32\ole32.dll
0x000007fefd990000 - 0x000007fefe718000 	C:\Windows\system32\SHELL32.dll
0x00000000729d0000 - 0x00000000729d3000 	C:\Windows\system32\sfc.dll
0x000007fef8730000 - 0x000007fef8740000 	C:\Windows\system32\sfc_os.DLL
0x000007fefc830000 - 0x000007fefc84e000 	C:\Windows\system32\USERENV.dll
0x000007fefd4f0000 - 0x000007fefd4ff000 	C:\Windows\system32\profapi.dll
0x000007fefb960000 - 0x000007fefb978000 	C:\Windows\system32\dwmapi.dll
0x000007fefa640000 - 0x000007fefa658000 	C:\Windows\system32\MPR.dll
0x000007fee6750000 - 0x000007fee6bb7000 	C:\Windows\AppPatch\AppPatch64\AcXtrnal.DLL
0x000007fefefc0000 - 0x000007fefefee000 	C:\Windows\system32\IMM32.DLL
0x000007feff0b0000 - 0x000007feff1b9000 	C:\Windows\system32\MSCTF.dll
0x000000006d890000 - 0x000000006deed000 	C:\Program Files\Java\jdk1.6.0_15\jre\bin\server\jvm.dll
0x000007fefb630000 - 0x000007fefb66b000 	C:\Windows\system32\WINMM.dll
0x000000006d800000 - 0x000000006d80e000 	C:\Program Files\Java\jdk1.6.0_15\jre\bin\verify.dll
0x000000006d450000 - 0x000000006d477000 	C:\Program Files\Java\jdk1.6.0_15\jre\bin\java.dll
0x000000006d3b0000 - 0x000000006d3ba000 	C:\Program Files\Java\jdk1.6.0_15\jre\bin\hpi.dll
0x0000000077250000 - 0x0000000077257000 	C:\Windows\system32\PSAPI.DLL
0x000000006d850000 - 0x000000006d862000 	C:\Program Files\Java\jdk1.6.0_15\jre\bin\zip.dll
0x000000006d0a0000 - 0x000000006d261000 	C:\Program Files\Java\jdk1.6.0_15\jre\bin\awt.dll
0x000007fefb4e0000 - 0x000007fefb551000 	C:\Windows\system32\WINSPOOL.DRV
0x000007fefbd30000 - 0x000007fefbf24000 	C:\Windows\WinSxS\amd64_microsoft.windows.common-controls_6595b64144ccf1df_6.0.7601.17514_none_fa396087175ac9ac\comctl32.dll
0x000007fefc120000 - 0x000007fefc176000 	C:\Windows\system32\uxtheme.dll
0x0000000048210000 - 0x00000000482ca000 	C:\Program Files\DigitalPersona\Bin\DpoFeedb.dll
0x000007fefe720000 - 0x000007fefe7f7000 	C:\Windows\system32\OLEAUT32.dll
0x000007fefd4e0000 - 0x000007fefd4ef000 	C:\Windows\system32\CRYPTBASE.dll
0x0000000048440000 - 0x00000000484d2000 	C:\Program Files\DigitalPersona\Bin\DpoSet.dll
0x000000006d340000 - 0x000000006d3ab000 	C:\Program Files\Java\jdk1.6.0_15\jre\bin\fontmanager.dll
0x000007fee7030000 - 0x000007fee722f000 	C:\Windows\system32\d3d9.dll
0x000007fefc650000 - 0x000007fefc65c000 	C:\Windows\system32\VERSION.dll
0x000007fefad00000 - 0x000007fefad07000 	C:\Windows\system32\d3d8thk.dll
0x0000000057e00000 - 0x00000000581e8000 	C:\Windows\system32\atiumd64.dll
0x0000000057b60000 - 0x0000000057df9000 	C:\Windows\system32\atiumd6a.dll
0x000007fefd330000 - 0x000007fefd347000 	C:\Windows\system32\CRYPTSP.dll
0x000007fefc9d0000 - 0x000007fefca17000 	C:\Windows\system32\rsaenh.dll
0x000000006d6a0000 - 0x000000006d6b7000 	C:\Program Files\Java\jdk1.6.0_15\jre\bin\net.dll
0x000007fefeb50000 - 0x000007fefeb9d000 	C:\Windows\system32\WS2_32.dll
0x000007fefefb0000 - 0x000007fefefb8000 	C:\Windows\system32\NSI.dll
0x000007fefcd00000 - 0x000007fefcd55000 	C:\Windows\system32\mswsock.dll
0x000007fefd2c0000 - 0x000007fefd2c7000 	C:\Windows\System32\wship6.dll
0x000007fefa9c0000 - 0x000007fefa9d5000 	C:\Windows\system32\NLAapi.dll
0x000007feeb540000 - 0x000007feeb555000 	C:\Windows\system32\napinsp.dll
0x000007fef6720000 - 0x000007fef6739000 	C:\Windows\system32\pnrpnsp.dll
0x000007fefb570000 - 0x000007fefb580000 	C:\Windows\system32\wshbth.dll
0x00000000729e0000 - 0x0000000072a06000 	C:\Program Files\Bonjour\mdnsNSP.dll
0x000007fef9b60000 - 0x000007fef9b87000 	C:\Windows\system32\Iphlpapi.DLL
0x000007fef9b50000 - 0x000007fef9b5b000 	C:\Windows\system32\WINNSI.DLL
0x000007fefcac0000 - 0x000007fefcb1b000 	C:\Windows\system32\DNSAPI.dll
0x000007fef6710000 - 0x000007fef671b000 	C:\Windows\System32\winrnr.dll
0x000007fefc720000 - 0x000007fefc727000 	C:\Windows\System32\wshtcpip.dll
0x000007fef9120000 - 0x000007fef9128000 	C:\Windows\system32\rasadhlp.dll
0x000007fef9c40000 - 0x000007fef9c93000 	C:\Windows\System32\fwpuclnt.dll
0x000000006d6c0000 - 0x000000006d6cb000 	C:\Program Files\Java\jdk1.6.0_15\jre\bin\nio.dll
0x00000000485e0000 - 0x0000000048645000 	C:\Program Files\WIDCOMM\Bluetooth Software\btmmhook.dll

VM Arguments:
jvm_args: -Dfile.encoding=UTF-8 
java_command: sic.Presentacion.Modulos.EstadosFinancieros.BalanceGeneral
Launcher Type: SUN_STANDARD

Environment Variables:
PATH=C:\Windows\system32;C:\Windows;C:\Windows\System32\Wbem;C:\Windows\System32\WindowsPowerShell\v1.0\;C:\Program Files\Broadcom\Broadcom 802.11\Driver;C:\Program Files (x86)\ATI Technologies\ATI.ACE\Core-Static;C:\Program Files\WIDCOMM\Bluetooth Software\;C:\Program Files\WIDCOMM\Bluetooth Software\syswow64;;C:\Users\FANNY BURGOS\AppData\Local\Smartbar\Application\
USERNAME=FANNY BURGOS
OS=Windows_NT
PROCESSOR_IDENTIFIER=AMD64 Family 16 Model 6 Stepping 2, AuthenticAMD



---------------  S Y S T E M  ---------------

OS: Windows 7 Build 7601 Service Pack 1

CPU:total 2 (2 cores per cpu, 1 threads per core) family 16 model 6 stepping 2, cmov, cx8, fxsr, mmx, sse, sse2, sse3, mmxext, 3dnow, 3dnowext, sse4a

Memory: 4k page, physical 3928264k(1138456k free), swap 7854668k(3506672k free)

vm_info: Java HotSpot(TM) 64-Bit Server VM (14.1-b02) for windows-amd64 JRE (1.6.0_15-b03), built on Jul 25 2009 01:14:07 by "java_re" with MS VC++ 8.0

time: Thu Jun 20 20:23:47 2013
elapsed time: 1 seconds

